 INFO [Thread-0] 2016-08-04 15:15:34,174 WebServer.java (line 47) get rest listen_port from zport=6969
 INFO [Thread-0] 2016-08-04 15:15:34,376 Server.java (line 272) jetty-8.1.11.v20130520
 INFO [Thread-0] 2016-08-04 15:15:34,569 AbstractConnector.java (line 338) Started SelectChannelConnector@0.0.0.0:6969
 INFO [main] 2016-08-04 15:15:34,702 SLF4JLogger.java (line 71) Cluster created with settings {hosts=[localhost:27017, localhost:27018], mode=MULTIPLE, requiredClusterType=UNKNOWN, serverSelectionTimeout='30000 ms', maxWaitQueueSize=500}
 INFO [main] 2016-08-04 15:15:34,703 SLF4JLogger.java (line 71) Adding discovered server localhost:27017 to client view of cluster
 INFO [main] 2016-08-04 15:15:34,809 SLF4JLogger.java (line 71) Adding discovered server localhost:27018 to client view of cluster
 INFO [main] 2016-08-04 15:15:34,847 SLF4JLogger.java (line 71) No server chosen by WritableServerSelector from cluster description ClusterDescription{type=UNKNOWN, connectionMode=MULTIPLE, all=[ServerDescription{address=localhost:27017, type=UNKNOWN, state=CONNECTING}, ServerDescription{address=localhost:27018, type=UNKNOWN, state=CONNECTING}]}. Waiting for 30000 ms before timing out
 INFO [cluster-ClusterId{value='57a2f9a63f7c014a20e59e29', description='null'}-localhost:27018] 2016-08-04 15:15:34,858 SLF4JLogger.java (line 71) Opened connection [connectionId{localValue:2, serverValue:46}] to localhost:27018
 INFO [cluster-ClusterId{value='57a2f9a63f7c014a20e59e29', description='null'}-localhost:27017] 2016-08-04 15:15:34,858 SLF4JLogger.java (line 71) Opened connection [connectionId{localValue:1, serverValue:1090}] to localhost:27017
 INFO [cluster-ClusterId{value='57a2f9a63f7c014a20e59e29', description='null'}-localhost:27018] 2016-08-04 15:15:34,859 SLF4JLogger.java (line 71) Monitor thread successfully connected to server with description ServerDescription{address=localhost:27018, type=REPLICA_SET_SECONDARY, state=CONNECTED, ok=true, version=ServerVersion{versionList=[3, 2, 8]}, minWireVersion=0, maxWireVersion=4, maxDocumentSize=16777216, roundTripTimeNanos=653428, setName='vuong', canonicalAddress=CPU01661:27018, hosts=[CPU01661:27017, CPU01661:27018], passives=[], arbiters=[CPU01661:27020], primary='CPU01661:27017', tagSet=TagSet{[]}, electionId=null, setVersion=3}
 INFO [cluster-ClusterId{value='57a2f9a63f7c014a20e59e29', description='null'}-localhost:27017] 2016-08-04 15:15:34,859 SLF4JLogger.java (line 71) Monitor thread successfully connected to server with description ServerDescription{address=localhost:27017, type=REPLICA_SET_PRIMARY, state=CONNECTED, ok=true, version=ServerVersion{versionList=[3, 2, 8]}, minWireVersion=0, maxWireVersion=4, maxDocumentSize=16777216, roundTripTimeNanos=796818, setName='vuong', canonicalAddress=CPU01661:27017, hosts=[CPU01661:27017, CPU01661:27018], passives=[], arbiters=[CPU01661:27020], primary='CPU01661:27017', tagSet=TagSet{[]}, electionId=7fffffff000000000000000a, setVersion=3}
 INFO [cluster-ClusterId{value='57a2f9a63f7c014a20e59e29', description='null'}-localhost:27018] 2016-08-04 15:15:34,860 SLF4JLogger.java (line 71) Discovered cluster type of REPLICA_SET
 INFO [cluster-ClusterId{value='57a2f9a63f7c014a20e59e29', description='null'}-localhost:27018] 2016-08-04 15:15:34,861 SLF4JLogger.java (line 71) Adding discovered server cpu01661:27017 to client view of cluster
 INFO [cluster-ClusterId{value='57a2f9a63f7c014a20e59e29', description='null'}-localhost:27018] 2016-08-04 15:15:34,861 SLF4JLogger.java (line 71) Adding discovered server cpu01661:27018 to client view of cluster
 INFO [cluster-ClusterId{value='57a2f9a63f7c014a20e59e29', description='null'}-localhost:27018] 2016-08-04 15:15:34,862 SLF4JLogger.java (line 71) Adding discovered server cpu01661:27020 to client view of cluster
 INFO [cluster-ClusterId{value='57a2f9a63f7c014a20e59e29', description='null'}-localhost:27018] 2016-08-04 15:15:34,863 SLF4JLogger.java (line 71) Canonical address CPU01661:27018 does not match server address.  Removing localhost:27018 from client view of cluster
 INFO [cluster-ClusterId{value='57a2f9a63f7c014a20e59e29', description='null'}-cpu01661:27018] 2016-08-04 15:15:34,866 SLF4JLogger.java (line 71) Opened connection [connectionId{localValue:4, serverValue:47}] to cpu01661:27018
 INFO [cluster-ClusterId{value='57a2f9a63f7c014a20e59e29', description='null'}-cpu01661:27018] 2016-08-04 15:15:34,867 SLF4JLogger.java (line 71) Monitor thread successfully connected to server with description ServerDescription{address=cpu01661:27018, type=REPLICA_SET_SECONDARY, state=CONNECTED, ok=true, version=ServerVersion{versionList=[3, 2, 8]}, minWireVersion=0, maxWireVersion=4, maxDocumentSize=16777216, roundTripTimeNanos=917431, setName='vuong', canonicalAddress=CPU01661:27018, hosts=[CPU01661:27017, CPU01661:27018], passives=[], arbiters=[CPU01661:27020], primary='CPU01661:27017', tagSet=TagSet{[]}, electionId=null, setVersion=3}
 INFO [cluster-ClusterId{value='57a2f9a63f7c014a20e59e29', description='null'}-localhost:27017] 2016-08-04 15:15:34,868 SLF4JLogger.java (line 71) Server localhost:27017 is no longer a member of the replica set.  Removing from client view of cluster.
 INFO [cluster-ClusterId{value='57a2f9a63f7c014a20e59e29', description='null'}-localhost:27017] 2016-08-04 15:15:34,868 SLF4JLogger.java (line 71) Canonical address CPU01661:27017 does not match server address.  Removing localhost:27017 from client view of cluster
 INFO [cluster-ClusterId{value='57a2f9a63f7c014a20e59e29', description='null'}-cpu01661:27017] 2016-08-04 15:15:34,868 SLF4JLogger.java (line 71) Opened connection [connectionId{localValue:3, serverValue:1091}] to cpu01661:27017
 INFO [cluster-ClusterId{value='57a2f9a63f7c014a20e59e29', description='null'}-cpu01661:27017] 2016-08-04 15:15:34,870 SLF4JLogger.java (line 71) Monitor thread successfully connected to server with description ServerDescription{address=cpu01661:27017, type=REPLICA_SET_PRIMARY, state=CONNECTED, ok=true, version=ServerVersion{versionList=[3, 2, 8]}, minWireVersion=0, maxWireVersion=4, maxDocumentSize=16777216, roundTripTimeNanos=1743118, setName='vuong', canonicalAddress=CPU01661:27017, hosts=[CPU01661:27017, CPU01661:27018], passives=[], arbiters=[CPU01661:27020], primary='CPU01661:27017', tagSet=TagSet{[]}, electionId=7fffffff000000000000000a, setVersion=3}
 INFO [cluster-ClusterId{value='57a2f9a63f7c014a20e59e29', description='null'}-cpu01661:27020] 2016-08-04 15:15:34,871 SLF4JLogger.java (line 71) Opened connection [connectionId{localValue:5, serverValue:26}] to cpu01661:27020
 INFO [cluster-ClusterId{value='57a2f9a63f7c014a20e59e29', description='null'}-cpu01661:27020] 2016-08-04 15:15:34,872 SLF4JLogger.java (line 71) Monitor thread successfully connected to server with description ServerDescription{address=cpu01661:27020, type=REPLICA_SET_ARBITER, state=CONNECTED, ok=true, version=ServerVersion{versionList=[3, 2, 8]}, minWireVersion=0, maxWireVersion=4, maxDocumentSize=16777216, roundTripTimeNanos=892409, setName='vuong', canonicalAddress=CPU01661:27020, hosts=[CPU01661:27017, CPU01661:27018], passives=[], arbiters=[CPU01661:27020], primary='CPU01661:27017', tagSet=TagSet{[]}, electionId=null, setVersion=3}
 INFO [cluster-ClusterId{value='57a2f9a63f7c014a20e59e29', description='null'}-cpu01661:27017] 2016-08-04 15:15:34,871 SLF4JLogger.java (line 71) Setting max election id to 7fffffff000000000000000a from replica set primary cpu01661:27017
 INFO [cluster-ClusterId{value='57a2f9a63f7c014a20e59e29', description='null'}-cpu01661:27017] 2016-08-04 15:15:34,873 SLF4JLogger.java (line 71) Setting max set version to 3 from replica set primary cpu01661:27017
 INFO [cluster-ClusterId{value='57a2f9a63f7c014a20e59e29', description='null'}-cpu01661:27017] 2016-08-04 15:15:34,873 SLF4JLogger.java (line 71) Discovered replica set primary cpu01661:27017
 INFO [main] 2016-08-04 15:15:34,880 SLF4JLogger.java (line 71) Opened connection [connectionId{localValue:6, serverValue:1092}] to cpu01661:27017
 INFO [main] 2016-08-04 15:15:34,904 NewsDAO.java (line 126) delete news id: 0
 INFO [main] 2016-08-04 15:15:35,157 MySQLNewsDAO.java (line 102) delete news id: 0
 INFO [main] 2016-08-04 15:15:35,223 Main.java (line 67) Size Request: 2372
 INFO [Thread-107] 2016-08-04 15:15:35,225 ThreadQueue.java (line 29) thread is running...
ERROR [main] 2016-08-04 15:15:35,225 FileHelper.java (line 144) Khong co du lieu de dong do Data!!!!
 INFO [Thread-107] 2016-08-04 15:17:46,210 ThreadQueue.java (line 29) thread is running...
 INFO [Thread-107] 2016-08-04 15:17:46,211 ThreadQueue.java (line 59) Not Save MySql Queue Empty!!!
